[INFO ] 2022-04-03 21:24:12.810 [TestNG-test=C:/Users/omcv/IdeaProjects/RestAssuredMainAssignment/src/test/java/tests-1] Listener - createUser Started
[INFO ] 2022-04-03 21:24:16.176 [TestNG-test=C:/Users/omcv/IdeaProjects/RestAssuredMainAssignment/src/test/java/tests-1] Listener - createUser Passed
[INFO ] 2022-04-03 21:24:16.393 [TestNG-test=C:/Users/omcv/IdeaProjects/RestAssuredMainAssignment/src/test/java/tests-1] Listener - validateContentType Started
[INFO ] 2022-04-03 21:24:16.395 [TestNG-test=C:/Users/omcv/IdeaProjects/RestAssuredMainAssignment/src/test/java/tests-1] Listener - validateContentType Passed
[INFO ] 2022-04-03 21:24:16.429 [TestNG-test=C:/Users/omcv/IdeaProjects/RestAssuredMainAssignment/src/test/java/tests-1] Listener - validateUserDetails Started
[INFO ] 2022-04-03 21:24:16.860 [TestNG-test=C:/Users/omcv/IdeaProjects/RestAssuredMainAssignment/src/test/java/tests-1] Listener - validateUserDetails Passed
[INFO ] 2022-04-03 21:24:16.949 [TestNG-test=C:/Users/omcv/IdeaProjects/RestAssuredMainAssignment/src/test/java/tests-1] Listener - addTasks Started
[INFO ] 2022-04-03 21:24:56.222 [TestNG-test=C:/Users/omcv/IdeaProjects/RestAssuredMainAssignment/src/test/java/tests-1] Listener - addTasks Passed
[INFO ] 2022-04-03 21:24:56.271 [TestNG-test=C:/Users/omcv/IdeaProjects/RestAssuredMainAssignment/src/test/java/tests-1] Listener - validateContentType Started
[INFO ] 2022-04-03 21:24:56.271 [TestNG-test=C:/Users/omcv/IdeaProjects/RestAssuredMainAssignment/src/test/java/tests-1] Listener - validateContentType Passed
[INFO ] 2022-04-03 21:24:56.320 [TestNG-test=C:/Users/omcv/IdeaProjects/RestAssuredMainAssignment/src/test/java/tests-1] Listener - userLogin Started
[INFO ] 2022-04-03 21:24:58.342 [TestNG-test=C:/Users/omcv/IdeaProjects/RestAssuredMainAssignment/src/test/java/tests-1] Listener - userLogin Passed
[INFO ] 2022-04-03 21:24:58.378 [TestNG-test=C:/Users/omcv/IdeaProjects/RestAssuredMainAssignment/src/test/java/tests-1] Listener - validateContentType Started
[INFO ] 2022-04-03 21:24:58.390 [TestNG-test=C:/Users/omcv/IdeaProjects/RestAssuredMainAssignment/src/test/java/tests-1] Listener - validateContentType Passed
[INFO ] 2022-04-03 21:24:58.428 [TestNG-test=C:/Users/omcv/IdeaProjects/RestAssuredMainAssignment/src/test/java/tests-1] Listener - createUserWithSameDetails Started
[INFO ] 2022-04-03 21:25:00.259 [TestNG-test=C:/Users/omcv/IdeaProjects/RestAssuredMainAssignment/src/test/java/tests-1] Listener - createUserWithSameDetails Passed
[INFO ] 2022-04-03 21:25:00.311 [TestNG-test=C:/Users/omcv/IdeaProjects/RestAssuredMainAssignment/src/test/java/tests-1] Listener - validateContentType Started
[INFO ] 2022-04-03 21:25:00.311 [TestNG-test=C:/Users/omcv/IdeaProjects/RestAssuredMainAssignment/src/test/java/tests-1] Listener - validateContentType Passed
[INFO ] 2022-04-03 21:25:00.340 [TestNG-test=C:/Users/omcv/IdeaProjects/RestAssuredMainAssignment/src/test/java/tests-1] Listener - validateError Started
[INFO ] 2022-04-03 21:25:00.340 [TestNG-test=C:/Users/omcv/IdeaProjects/RestAssuredMainAssignment/src/test/java/tests-1] Listener - validateError Passed
[INFO ] 2022-04-03 21:25:00.372 [TestNG-test=C:/Users/omcv/IdeaProjects/RestAssuredMainAssignment/src/test/java/tests-1] Listener - userLoginOfNotRegistered Started
[INFO ] 2022-04-03 21:25:02.229 [TestNG-test=C:/Users/omcv/IdeaProjects/RestAssuredMainAssignment/src/test/java/tests-1] Listener - userLoginOfNotRegistered Passed
[INFO ] 2022-04-03 21:25:02.286 [TestNG-test=C:/Users/omcv/IdeaProjects/RestAssuredMainAssignment/src/test/java/tests-1] Listener - validateContentType Started
[INFO ] 2022-04-03 21:25:02.286 [TestNG-test=C:/Users/omcv/IdeaProjects/RestAssuredMainAssignment/src/test/java/tests-1] Listener - validateContentType Passed
[INFO ] 2022-04-03 21:25:02.332 [TestNG-test=C:/Users/omcv/IdeaProjects/RestAssuredMainAssignment/src/test/java/tests-1] Listener - validateError Started
[INFO ] 2022-04-03 21:25:02.332 [TestNG-test=C:/Users/omcv/IdeaProjects/RestAssuredMainAssignment/src/test/java/tests-1] Listener - validateError Passed
[INFO ] 2022-04-03 21:25:02.413 [TestNG-test=C:/Users/omcv/IdeaProjects/RestAssuredMainAssignment/src/test/java/tests-1] Listener - addTasksWithWrongBody Started
[INFO ] 2022-04-03 21:25:04.019 [TestNG-test=C:/Users/omcv/IdeaProjects/RestAssuredMainAssignment/src/test/java/tests-1] Listener - addTasksWithWrongBody Passed
[INFO ] 2022-04-03 21:25:04.067 [TestNG-test=C:/Users/omcv/IdeaProjects/RestAssuredMainAssignment/src/test/java/tests-1] Listener - validateContentType Started
[INFO ] 2022-04-03 21:25:04.067 [TestNG-test=C:/Users/omcv/IdeaProjects/RestAssuredMainAssignment/src/test/java/tests-1] Listener - validateContentType Passed
[INFO ] 2022-04-03 21:25:04.085 [TestNG-test=C:/Users/omcv/IdeaProjects/RestAssuredMainAssignment/src/test/java/tests-1] Listener - validateError Started
[INFO ] 2022-04-03 21:25:04.092 [TestNG-test=C:/Users/omcv/IdeaProjects/RestAssuredMainAssignment/src/test/java/tests-1] Listener - validateError Passed
[INFO ] 2022-04-03 21:25:04.120 [TestNG-test=C:/Users/omcv/IdeaProjects/RestAssuredMainAssignment/src/test/java/tests-1] Listener - paginationLimit2 Started
[INFO ] 2022-04-03 21:25:06.210 [TestNG-test=C:/Users/omcv/IdeaProjects/RestAssuredMainAssignment/src/test/java/tests-1] Listener - paginationLimit2 Failed
[INFO ] 2022-04-03 21:25:06.262 [TestNG-test=C:/Users/omcv/IdeaProjects/RestAssuredMainAssignment/src/test/java/tests-1] Listener - paginationLimit5 Started
[INFO ] 2022-04-03 21:25:08.181 [TestNG-test=C:/Users/omcv/IdeaProjects/RestAssuredMainAssignment/src/test/java/tests-1] Listener - paginationLimit5 Failed
[INFO ] 2022-04-03 21:25:08.232 [TestNG-test=C:/Users/omcv/IdeaProjects/RestAssuredMainAssignment/src/test/java/tests-1] Listener - paginationLimit10 Started
[INFO ] 2022-04-03 21:25:10.226 [TestNG-test=C:/Users/omcv/IdeaProjects/RestAssuredMainAssignment/src/test/java/tests-1] Listener - paginationLimit10 Failed
[INFO ] 2022-04-03 21:51:45.951 [TestNG-test=C:/Users/omcv/IdeaProjects/RestAssuredMainAssignment/src/test/java/tests-1] Listener - createUser Started
[INFO ] 2022-04-03 21:51:48.792 [TestNG-test=C:/Users/omcv/IdeaProjects/RestAssuredMainAssignment/src/test/java/tests-1] Listener - createUser Passed
[INFO ] 2022-04-03 21:51:49.027 [TestNG-test=C:/Users/omcv/IdeaProjects/RestAssuredMainAssignment/src/test/java/tests-1] Listener - validateContentType Started
[INFO ] 2022-04-03 21:51:49.028 [TestNG-test=C:/Users/omcv/IdeaProjects/RestAssuredMainAssignment/src/test/java/tests-1] Listener - validateContentType Passed
[INFO ] 2022-04-03 21:51:49.075 [TestNG-test=C:/Users/omcv/IdeaProjects/RestAssuredMainAssignment/src/test/java/tests-1] Listener - validateUserDetails Started
[INFO ] 2022-04-03 21:51:49.574 [TestNG-test=C:/Users/omcv/IdeaProjects/RestAssuredMainAssignment/src/test/java/tests-1] Listener - validateUserDetails Passed
[INFO ] 2022-04-03 21:51:49.654 [TestNG-test=C:/Users/omcv/IdeaProjects/RestAssuredMainAssignment/src/test/java/tests-1] Listener - userLogin Started
[INFO ] 2022-04-03 21:51:51.314 [TestNG-test=C:/Users/omcv/IdeaProjects/RestAssuredMainAssignment/src/test/java/tests-1] Listener - userLogin Passed
[INFO ] 2022-04-03 21:51:51.356 [TestNG-test=C:/Users/omcv/IdeaProjects/RestAssuredMainAssignment/src/test/java/tests-1] Listener - validateContentType Started
[INFO ] 2022-04-03 21:51:51.357 [TestNG-test=C:/Users/omcv/IdeaProjects/RestAssuredMainAssignment/src/test/java/tests-1] Listener - validateContentType Passed
[INFO ] 2022-04-03 21:51:51.429 [TestNG-test=C:/Users/omcv/IdeaProjects/RestAssuredMainAssignment/src/test/java/tests-1] Listener - addTasks Started
[INFO ] 2022-04-03 21:52:24.089 [TestNG-test=C:/Users/omcv/IdeaProjects/RestAssuredMainAssignment/src/test/java/tests-1] Listener - addTasks Passed
[INFO ] 2022-04-03 21:52:24.115 [TestNG-test=C:/Users/omcv/IdeaProjects/RestAssuredMainAssignment/src/test/java/tests-1] Listener - validateContentType Started
[INFO ] 2022-04-03 21:52:24.115 [TestNG-test=C:/Users/omcv/IdeaProjects/RestAssuredMainAssignment/src/test/java/tests-1] Listener - validateContentType Passed
[INFO ] 2022-04-03 21:52:24.143 [TestNG-test=C:/Users/omcv/IdeaProjects/RestAssuredMainAssignment/src/test/java/tests-1] Listener - paginationLimit2 Started
[INFO ] 2022-04-03 21:52:25.780 [TestNG-test=C:/Users/omcv/IdeaProjects/RestAssuredMainAssignment/src/test/java/tests-1] Listener - paginationLimit2 Passed
[INFO ] 2022-04-03 21:52:25.802 [TestNG-test=C:/Users/omcv/IdeaProjects/RestAssuredMainAssignment/src/test/java/tests-1] Listener - paginationLimit5 Started
[INFO ] 2022-04-03 21:52:27.404 [TestNG-test=C:/Users/omcv/IdeaProjects/RestAssuredMainAssignment/src/test/java/tests-1] Listener - paginationLimit5 Passed
[INFO ] 2022-04-03 21:52:27.421 [TestNG-test=C:/Users/omcv/IdeaProjects/RestAssuredMainAssignment/src/test/java/tests-1] Listener - paginationLimit10 Started
[INFO ] 2022-04-03 21:52:29.005 [TestNG-test=C:/Users/omcv/IdeaProjects/RestAssuredMainAssignment/src/test/java/tests-1] Listener - paginationLimit10 Passed
[INFO ] 2022-04-03 21:52:29.039 [TestNG-test=C:/Users/omcv/IdeaProjects/RestAssuredMainAssignment/src/test/java/tests-1] Listener - createUserWithSameDetails Started
[INFO ] 2022-04-03 21:52:30.427 [TestNG-test=C:/Users/omcv/IdeaProjects/RestAssuredMainAssignment/src/test/java/tests-1] Listener - createUserWithSameDetails Passed
[INFO ] 2022-04-03 21:52:30.447 [TestNG-test=C:/Users/omcv/IdeaProjects/RestAssuredMainAssignment/src/test/java/tests-1] Listener - validateContentType Started
[INFO ] 2022-04-03 21:52:30.447 [TestNG-test=C:/Users/omcv/IdeaProjects/RestAssuredMainAssignment/src/test/java/tests-1] Listener - validateContentType Passed
[INFO ] 2022-04-03 21:52:30.465 [TestNG-test=C:/Users/omcv/IdeaProjects/RestAssuredMainAssignment/src/test/java/tests-1] Listener - validateError Started
[INFO ] 2022-04-03 21:52:30.466 [TestNG-test=C:/Users/omcv/IdeaProjects/RestAssuredMainAssignment/src/test/java/tests-1] Listener - validateError Passed
[INFO ] 2022-04-03 21:52:30.486 [TestNG-test=C:/Users/omcv/IdeaProjects/RestAssuredMainAssignment/src/test/java/tests-1] Listener - userLoginOfNotRegistered Started
[INFO ] 2022-04-03 21:52:31.858 [TestNG-test=C:/Users/omcv/IdeaProjects/RestAssuredMainAssignment/src/test/java/tests-1] Listener - userLoginOfNotRegistered Passed
[INFO ] 2022-04-03 21:52:31.878 [TestNG-test=C:/Users/omcv/IdeaProjects/RestAssuredMainAssignment/src/test/java/tests-1] Listener - validateContentType Started
[INFO ] 2022-04-03 21:52:31.878 [TestNG-test=C:/Users/omcv/IdeaProjects/RestAssuredMainAssignment/src/test/java/tests-1] Listener - validateContentType Passed
[INFO ] 2022-04-03 21:52:31.899 [TestNG-test=C:/Users/omcv/IdeaProjects/RestAssuredMainAssignment/src/test/java/tests-1] Listener - validateError Started
[INFO ] 2022-04-03 21:52:31.900 [TestNG-test=C:/Users/omcv/IdeaProjects/RestAssuredMainAssignment/src/test/java/tests-1] Listener - validateError Passed
[INFO ] 2022-04-03 21:52:31.925 [TestNG-test=C:/Users/omcv/IdeaProjects/RestAssuredMainAssignment/src/test/java/tests-1] Listener - addTasksWithWrongBody Started
[INFO ] 2022-04-03 21:52:33.301 [TestNG-test=C:/Users/omcv/IdeaProjects/RestAssuredMainAssignment/src/test/java/tests-1] Listener - addTasksWithWrongBody Passed
[INFO ] 2022-04-03 21:52:33.324 [TestNG-test=C:/Users/omcv/IdeaProjects/RestAssuredMainAssignment/src/test/java/tests-1] Listener - validateContentType Started
[INFO ] 2022-04-03 21:52:33.324 [TestNG-test=C:/Users/omcv/IdeaProjects/RestAssuredMainAssignment/src/test/java/tests-1] Listener - validateContentType Passed
[INFO ] 2022-04-03 21:52:33.343 [TestNG-test=C:/Users/omcv/IdeaProjects/RestAssuredMainAssignment/src/test/java/tests-1] Listener - validateError Started
[INFO ] 2022-04-03 21:52:33.343 [TestNG-test=C:/Users/omcv/IdeaProjects/RestAssuredMainAssignment/src/test/java/tests-1] Listener - validateError Passed
[INFO ] 2022-04-04 08:59:27.581 [TestNG-test=C:/Users/omcv/IdeaProjects/RestAssuredMainAssignment/src/test/java/tests-1] Listener - createUser Started
[INFO ] 2022-04-04 08:59:30.684 [TestNG-test=C:/Users/omcv/IdeaProjects/RestAssuredMainAssignment/src/test/java/tests-1] Listener - createUser Passed
[INFO ] 2022-04-04 08:59:30.859 [TestNG-test=C:/Users/omcv/IdeaProjects/RestAssuredMainAssignment/src/test/java/tests-1] Listener - validateContentType Started
[INFO ] 2022-04-04 08:59:30.860 [TestNG-test=C:/Users/omcv/IdeaProjects/RestAssuredMainAssignment/src/test/java/tests-1] Listener - validateContentType Passed
[INFO ] 2022-04-04 08:59:30.894 [TestNG-test=C:/Users/omcv/IdeaProjects/RestAssuredMainAssignment/src/test/java/tests-1] Listener - validateUserDetails Started
[INFO ] 2022-04-04 08:59:31.310 [TestNG-test=C:/Users/omcv/IdeaProjects/RestAssuredMainAssignment/src/test/java/tests-1] Listener - validateUserDetails Passed
[INFO ] 2022-04-04 08:59:31.368 [TestNG-test=C:/Users/omcv/IdeaProjects/RestAssuredMainAssignment/src/test/java/tests-1] Listener - userLogin Started
[INFO ] 2022-04-04 08:59:33.068 [TestNG-test=C:/Users/omcv/IdeaProjects/RestAssuredMainAssignment/src/test/java/tests-1] Listener - userLogin Passed
[INFO ] 2022-04-04 08:59:33.100 [TestNG-test=C:/Users/omcv/IdeaProjects/RestAssuredMainAssignment/src/test/java/tests-1] Listener - validateContentType Started
[INFO ] 2022-04-04 08:59:33.100 [TestNG-test=C:/Users/omcv/IdeaProjects/RestAssuredMainAssignment/src/test/java/tests-1] Listener - validateContentType Passed
[INFO ] 2022-04-04 08:59:33.157 [TestNG-test=C:/Users/omcv/IdeaProjects/RestAssuredMainAssignment/src/test/java/tests-1] Listener - addTasks Started
[INFO ] 2022-04-04 09:00:05.980 [TestNG-test=C:/Users/omcv/IdeaProjects/RestAssuredMainAssignment/src/test/java/tests-1] Listener - addTasks Passed
[INFO ] 2022-04-04 09:00:06.009 [TestNG-test=C:/Users/omcv/IdeaProjects/RestAssuredMainAssignment/src/test/java/tests-1] Listener - validateContentType Started
[INFO ] 2022-04-04 09:00:06.009 [TestNG-test=C:/Users/omcv/IdeaProjects/RestAssuredMainAssignment/src/test/java/tests-1] Listener - validateContentType Passed
[INFO ] 2022-04-04 09:00:06.038 [TestNG-test=C:/Users/omcv/IdeaProjects/RestAssuredMainAssignment/src/test/java/tests-1] Listener - paginationLimit2 Started
[INFO ] 2022-04-04 09:00:08.126 [TestNG-test=C:/Users/omcv/IdeaProjects/RestAssuredMainAssignment/src/test/java/tests-1] Listener - paginationLimit2 Passed
[INFO ] 2022-04-04 09:00:08.165 [TestNG-test=C:/Users/omcv/IdeaProjects/RestAssuredMainAssignment/src/test/java/tests-1] Listener - paginationLimit5 Started
[INFO ] 2022-04-04 09:00:09.786 [TestNG-test=C:/Users/omcv/IdeaProjects/RestAssuredMainAssignment/src/test/java/tests-1] Listener - paginationLimit5 Passed
[INFO ] 2022-04-04 09:00:09.806 [TestNG-test=C:/Users/omcv/IdeaProjects/RestAssuredMainAssignment/src/test/java/tests-1] Listener - paginationLimit10 Started
[INFO ] 2022-04-04 09:00:11.425 [TestNG-test=C:/Users/omcv/IdeaProjects/RestAssuredMainAssignment/src/test/java/tests-1] Listener - paginationLimit10 Passed
[INFO ] 2022-04-04 09:00:11.458 [TestNG-test=C:/Users/omcv/IdeaProjects/RestAssuredMainAssignment/src/test/java/tests-1] Listener - createUserWithSameDetails Started
[INFO ] 2022-04-04 09:00:12.880 [TestNG-test=C:/Users/omcv/IdeaProjects/RestAssuredMainAssignment/src/test/java/tests-1] Listener - createUserWithSameDetails Passed
[INFO ] 2022-04-04 09:00:12.900 [TestNG-test=C:/Users/omcv/IdeaProjects/RestAssuredMainAssignment/src/test/java/tests-1] Listener - validateContentType Started
[INFO ] 2022-04-04 09:00:12.901 [TestNG-test=C:/Users/omcv/IdeaProjects/RestAssuredMainAssignment/src/test/java/tests-1] Listener - validateContentType Passed
[INFO ] 2022-04-04 09:00:12.925 [TestNG-test=C:/Users/omcv/IdeaProjects/RestAssuredMainAssignment/src/test/java/tests-1] Listener - validateError Started
[INFO ] 2022-04-04 09:00:12.926 [TestNG-test=C:/Users/omcv/IdeaProjects/RestAssuredMainAssignment/src/test/java/tests-1] Listener - validateError Passed
[INFO ] 2022-04-04 09:00:12.949 [TestNG-test=C:/Users/omcv/IdeaProjects/RestAssuredMainAssignment/src/test/java/tests-1] Listener - userLoginOfNotRegistered Started
[INFO ] 2022-04-04 09:00:14.328 [TestNG-test=C:/Users/omcv/IdeaProjects/RestAssuredMainAssignment/src/test/java/tests-1] Listener - userLoginOfNotRegistered Passed
[INFO ] 2022-04-04 09:00:14.350 [TestNG-test=C:/Users/omcv/IdeaProjects/RestAssuredMainAssignment/src/test/java/tests-1] Listener - validateContentType Started
[INFO ] 2022-04-04 09:00:14.350 [TestNG-test=C:/Users/omcv/IdeaProjects/RestAssuredMainAssignment/src/test/java/tests-1] Listener - validateContentType Passed
[INFO ] 2022-04-04 09:00:14.375 [TestNG-test=C:/Users/omcv/IdeaProjects/RestAssuredMainAssignment/src/test/java/tests-1] Listener - validateError Started
[INFO ] 2022-04-04 09:00:14.376 [TestNG-test=C:/Users/omcv/IdeaProjects/RestAssuredMainAssignment/src/test/java/tests-1] Listener - validateError Passed
[INFO ] 2022-04-04 09:00:14.403 [TestNG-test=C:/Users/omcv/IdeaProjects/RestAssuredMainAssignment/src/test/java/tests-1] Listener - addTasksWithWrongBody Started
[INFO ] 2022-04-04 09:00:15.787 [TestNG-test=C:/Users/omcv/IdeaProjects/RestAssuredMainAssignment/src/test/java/tests-1] Listener - addTasksWithWrongBody Passed
[INFO ] 2022-04-04 09:00:15.805 [TestNG-test=C:/Users/omcv/IdeaProjects/RestAssuredMainAssignment/src/test/java/tests-1] Listener - validateContentType Started
[INFO ] 2022-04-04 09:00:15.806 [TestNG-test=C:/Users/omcv/IdeaProjects/RestAssuredMainAssignment/src/test/java/tests-1] Listener - validateContentType Passed
[INFO ] 2022-04-04 09:00:15.832 [TestNG-test=C:/Users/omcv/IdeaProjects/RestAssuredMainAssignment/src/test/java/tests-1] Listener - validateError Started
[INFO ] 2022-04-04 09:00:15.833 [TestNG-test=C:/Users/omcv/IdeaProjects/RestAssuredMainAssignment/src/test/java/tests-1] Listener - validateError Passed
[INFO ] 2022-04-04 11:27:09.543 [TestNG-test=C:/Users/omcv/IdeaProjects/RestAssuredMainAssignment/src/test/java/tests-1] Listener - createUser Started
[INFO ] 2022-04-04 11:27:13.177 [TestNG-test=C:/Users/omcv/IdeaProjects/RestAssuredMainAssignment/src/test/java/tests-1] Listener - createUser Passed
[INFO ] 2022-04-04 11:27:13.412 [TestNG-test=C:/Users/omcv/IdeaProjects/RestAssuredMainAssignment/src/test/java/tests-1] Listener - validateContentType Started
[INFO ] 2022-04-04 11:27:13.413 [TestNG-test=C:/Users/omcv/IdeaProjects/RestAssuredMainAssignment/src/test/java/tests-1] Listener - validateContentType Passed
[INFO ] 2022-04-04 11:27:13.460 [TestNG-test=C:/Users/omcv/IdeaProjects/RestAssuredMainAssignment/src/test/java/tests-1] Listener - validateUserDetails Started
[INFO ] 2022-04-04 11:27:13.885 [TestNG-test=C:/Users/omcv/IdeaProjects/RestAssuredMainAssignment/src/test/java/tests-1] Listener - validateUserDetails Passed
[INFO ] 2022-04-04 11:27:13.957 [TestNG-test=C:/Users/omcv/IdeaProjects/RestAssuredMainAssignment/src/test/java/tests-1] Listener - userLogin Started
[INFO ] 2022-04-04 11:27:15.798 [TestNG-test=C:/Users/omcv/IdeaProjects/RestAssuredMainAssignment/src/test/java/tests-1] Listener - userLogin Passed
[INFO ] 2022-04-04 11:27:15.865 [TestNG-test=C:/Users/omcv/IdeaProjects/RestAssuredMainAssignment/src/test/java/tests-1] Listener - validateContentType Started
[INFO ] 2022-04-04 11:27:15.866 [TestNG-test=C:/Users/omcv/IdeaProjects/RestAssuredMainAssignment/src/test/java/tests-1] Listener - validateContentType Passed
[INFO ] 2022-04-04 11:27:15.949 [TestNG-test=C:/Users/omcv/IdeaProjects/RestAssuredMainAssignment/src/test/java/tests-1] Listener - addTasks Started
[INFO ] 2022-04-04 11:27:54.989 [TestNG-test=C:/Users/omcv/IdeaProjects/RestAssuredMainAssignment/src/test/java/tests-1] Listener - addTasks Passed
[INFO ] 2022-04-04 11:27:55.109 [TestNG-test=C:/Users/omcv/IdeaProjects/RestAssuredMainAssignment/src/test/java/tests-1] Listener - validateContentType Started
[INFO ] 2022-04-04 11:27:55.110 [TestNG-test=C:/Users/omcv/IdeaProjects/RestAssuredMainAssignment/src/test/java/tests-1] Listener - validateContentType Passed
[INFO ] 2022-04-04 11:27:55.232 [TestNG-test=C:/Users/omcv/IdeaProjects/RestAssuredMainAssignment/src/test/java/tests-1] Listener - paginationLimit2 Started
[INFO ] 2022-04-04 11:27:57.224 [TestNG-test=C:/Users/omcv/IdeaProjects/RestAssuredMainAssignment/src/test/java/tests-1] Listener - paginationLimit2 Passed
[INFO ] 2022-04-04 11:27:57.346 [TestNG-test=C:/Users/omcv/IdeaProjects/RestAssuredMainAssignment/src/test/java/tests-1] Listener - paginationLimit5 Started
[INFO ] 2022-04-04 11:27:59.277 [TestNG-test=C:/Users/omcv/IdeaProjects/RestAssuredMainAssignment/src/test/java/tests-1] Listener - paginationLimit5 Passed
[INFO ] 2022-04-04 11:27:59.366 [TestNG-test=C:/Users/omcv/IdeaProjects/RestAssuredMainAssignment/src/test/java/tests-1] Listener - paginationLimit10 Started
[INFO ] 2022-04-04 11:28:01.318 [TestNG-test=C:/Users/omcv/IdeaProjects/RestAssuredMainAssignment/src/test/java/tests-1] Listener - paginationLimit10 Passed
[INFO ] 2022-04-04 11:28:01.483 [TestNG-test=C:/Users/omcv/IdeaProjects/RestAssuredMainAssignment/src/test/java/tests-1] Listener - createUserWithSameDetails Started
[INFO ] 2022-04-04 11:28:03.135 [TestNG-test=C:/Users/omcv/IdeaProjects/RestAssuredMainAssignment/src/test/java/tests-1] Listener - createUserWithSameDetails Passed
[INFO ] 2022-04-04 11:28:03.233 [TestNG-test=C:/Users/omcv/IdeaProjects/RestAssuredMainAssignment/src/test/java/tests-1] Listener - validateContentType Started
[INFO ] 2022-04-04 11:28:03.234 [TestNG-test=C:/Users/omcv/IdeaProjects/RestAssuredMainAssignment/src/test/java/tests-1] Listener - validateContentType Passed
[INFO ] 2022-04-04 11:28:03.335 [TestNG-test=C:/Users/omcv/IdeaProjects/RestAssuredMainAssignment/src/test/java/tests-1] Listener - validateError Started
[INFO ] 2022-04-04 11:28:03.337 [TestNG-test=C:/Users/omcv/IdeaProjects/RestAssuredMainAssignment/src/test/java/tests-1] Listener - validateError Passed
[INFO ] 2022-04-04 11:28:03.445 [TestNG-test=C:/Users/omcv/IdeaProjects/RestAssuredMainAssignment/src/test/java/tests-1] Listener - userLoginOfNotRegistered Started
[INFO ] 2022-04-04 11:28:05.082 [TestNG-test=C:/Users/omcv/IdeaProjects/RestAssuredMainAssignment/src/test/java/tests-1] Listener - userLoginOfNotRegistered Passed
[INFO ] 2022-04-04 11:28:05.192 [TestNG-test=C:/Users/omcv/IdeaProjects/RestAssuredMainAssignment/src/test/java/tests-1] Listener - validateContentType Started
[INFO ] 2022-04-04 11:28:05.193 [TestNG-test=C:/Users/omcv/IdeaProjects/RestAssuredMainAssignment/src/test/java/tests-1] Listener - validateContentType Passed
[INFO ] 2022-04-04 11:28:05.297 [TestNG-test=C:/Users/omcv/IdeaProjects/RestAssuredMainAssignment/src/test/java/tests-1] Listener - validateError Started
[INFO ] 2022-04-04 11:28:05.298 [TestNG-test=C:/Users/omcv/IdeaProjects/RestAssuredMainAssignment/src/test/java/tests-1] Listener - validateError Passed
[INFO ] 2022-04-04 11:28:05.391 [TestNG-test=C:/Users/omcv/IdeaProjects/RestAssuredMainAssignment/src/test/java/tests-1] Listener - addTasksWithWrongBody Started
[INFO ] 2022-04-04 11:28:06.928 [TestNG-test=C:/Users/omcv/IdeaProjects/RestAssuredMainAssignment/src/test/java/tests-1] Listener - addTasksWithWrongBody Passed
[INFO ] 2022-04-04 11:28:07.017 [TestNG-test=C:/Users/omcv/IdeaProjects/RestAssuredMainAssignment/src/test/java/tests-1] Listener - validateContentType Started
[INFO ] 2022-04-04 11:28:07.018 [TestNG-test=C:/Users/omcv/IdeaProjects/RestAssuredMainAssignment/src/test/java/tests-1] Listener - validateContentType Passed
[INFO ] 2022-04-04 11:28:07.124 [TestNG-test=C:/Users/omcv/IdeaProjects/RestAssuredMainAssignment/src/test/java/tests-1] Listener - validateError Started
[INFO ] 2022-04-04 11:28:07.126 [TestNG-test=C:/Users/omcv/IdeaProjects/RestAssuredMainAssignment/src/test/java/tests-1] Listener - validateError Passed
